<?xml version="1.0" encoding="UTF-8"?>
<coverage generated="1717553495849" clover="3.2.0">
  <project timestamp="1717553495849" name="All files">
    <metrics statements="56" coveredstatements="54" conditionals="6" coveredconditionals="6" methods="4" coveredmethods="3" elements="66" coveredelements="63" complexity="0" loc="56" ncloc="56" packages="1" files="2" classes="2"/>
    <file name="create-table.use-case.ts" path="C:\Users\delaf\Desktop\node\04-multiplication\src\domain\use-case\create-table.use-case.ts">
      <metrics statements="24" coveredstatements="24" conditionals="4" coveredconditionals="4" methods="2" coveredmethods="2"/>
      <line num="1" count="1" type="stmt"/>
      <line num="2" count="1" type="stmt"/>
      <line num="3" count="1" type="stmt"/>
      <line num="4" count="1" type="stmt"/>
      <line num="5" count="1" type="stmt"/>
      <line num="6" count="1" type="stmt"/>
      <line num="7" count="1" type="stmt"/>
      <line num="8" count="1" type="stmt"/>
      <line num="9" count="1" type="stmt"/>
      <line num="10" count="1" type="stmt"/>
      <line num="11" count="1" type="cond" truecount="1" falsecount="0"/>
      <line num="12" count="2" type="stmt"/>
      <line num="13" count="2" type="stmt"/>
      <line num="14" count="1" type="stmt"/>
      <line num="15" count="1" type="cond" truecount="1" falsecount="0"/>
      <line num="16" count="2" type="stmt"/>
      <line num="17" count="2" type="cond" truecount="1" falsecount="0"/>
      <line num="18" count="30" type="stmt"/>
      <line num="19" count="30" type="stmt"/>
      <line num="20" count="30" type="cond" truecount="1" falsecount="0"/>
      <line num="21" count="30" type="stmt"/>
      <line num="22" count="2" type="stmt"/>
      <line num="23" count="2" type="stmt"/>
      <line num="24" count="1" type="stmt"/>
    </file>
    <file name="save-file.use-case.ts" path="C:\Users\delaf\Desktop\node\04-multiplication\src\domain\use-case\save-file.use-case.ts">
      <metrics statements="32" coveredstatements="30" conditionals="2" coveredconditionals="2" methods="2" coveredmethods="1"/>
      <line num="1" count="1" type="stmt"/>
      <line num="2" count="1" type="stmt"/>
      <line num="3" count="1" type="stmt"/>
      <line num="4" count="1" type="stmt"/>
      <line num="5" count="1" type="stmt"/>
      <line num="6" count="1" type="stmt"/>
      <line num="7" count="1" type="stmt"/>
      <line num="8" count="1" type="stmt"/>
      <line num="9" count="1" type="stmt"/>
      <line num="10" count="1" type="stmt"/>
      <line num="11" count="1" type="stmt"/>
      <line num="12" count="1" type="stmt"/>
      <line num="13" count="1" type="stmt"/>
      <line num="14" count="1" type="stmt"/>
      <line num="15" count="0" type="stmt"/>
      <line num="16" count="0" type="stmt"/>
      <line num="17" count="1" type="stmt"/>
      <line num="18" count="1" type="cond" truecount="1" falsecount="0"/>
      <line num="19" count="4" type="stmt"/>
      <line num="20" count="4" type="stmt"/>
      <line num="21" count="4" type="stmt"/>
      <line num="22" count="4" type="stmt"/>
      <line num="23" count="4" type="stmt"/>
      <line num="24" count="4" type="stmt"/>
      <line num="25" count="4" type="stmt"/>
      <line num="26" count="4" type="stmt"/>
      <line num="27" count="4" type="cond" truecount="1" falsecount="0"/>
      <line num="28" count="1" type="stmt"/>
      <line num="29" count="1" type="stmt"/>
      <line num="30" count="1" type="stmt"/>
      <line num="31" count="4" type="stmt"/>
      <line num="32" count="1" type="stmt"/>
    </file>
  </project>
</coverage>
