{"C:\\Users\\delaf\\Desktop\\node\\04-multiplication\\src\\domain\\use-case\\create-table.use-case.ts": {"path":"C:\\Users\\delaf\\Desktop\\node\\04-multiplication\\src\\domain\\use-case\\create-table.use-case.ts","all":false,"statementMap":{"0":{"start":{"line":1,"column":0},"end":{"line":1,"column":37}},"1":{"start":{"line":2,"column":0},"end":{"line":2,"column":50}},"2":{"start":{"line":3,"column":0},"end":{"line":3,"column":1}},"3":{"start":{"line":4,"column":0},"end":{"line":4,"column":0}},"4":{"start":{"line":5,"column":0},"end":{"line":5,"column":37}},"5":{"start":{"line":6,"column":0},"end":{"line":6,"column":14}},"6":{"start":{"line":7,"column":0},"end":{"line":7,"column":16}},"7":{"start":{"line":8,"column":0},"end":{"line":8,"column":1}},"8":{"start":{"line":9,"column":0},"end":{"line":9,"column":0}},"9":{"start":{"line":10,"column":0},"end":{"line":10,"column":56}},"10":{"start":{"line":11,"column":0},"end":{"line":11,"column":16}},"11":{"start":{"line":12,"column":0},"end":{"line":12,"column":37}},"12":{"start":{"line":13,"column":0},"end":{"line":13,"column":15}},"13":{"start":{"line":14,"column":0},"end":{"line":14,"column":0}},"14":{"start":{"line":15,"column":0},"end":{"line":15,"column":52}},"15":{"start":{"line":16,"column":0},"end":{"line":16,"column":25}},"16":{"start":{"line":17,"column":0},"end":{"line":17,"column":36}},"17":{"start":{"line":18,"column":0},"end":{"line":18,"column":51}},"18":{"start":{"line":19,"column":0},"end":{"line":19,"column":0}},"19":{"start":{"line":20,"column":0},"end":{"line":20,"column":41}},"20":{"start":{"line":21,"column":0},"end":{"line":21,"column":3}},"21":{"start":{"line":22,"column":0},"end":{"line":22,"column":23}},"22":{"start":{"line":23,"column":0},"end":{"line":23,"column":2}},"23":{"start":{"line":24,"column":0},"end":{"line":24,"column":1}}},"s":{"0":1,"1":1,"2":1,"3":1,"4":1,"5":1,"6":1,"7":1,"8":1,"9":1,"10":1,"11":2,"12":2,"13":1,"14":1,"15":2,"16":2,"17":30,"18":30,"19":30,"20":30,"21":2,"22":2,"23":1},"branchMap":{"0":{"type":"branch","line":11,"loc":{"start":{"line":11,"column":1},"end":{"line":13,"column":15}},"locations":[{"start":{"line":11,"column":1},"end":{"line":13,"column":15}}]},"1":{"type":"branch","line":15,"loc":{"start":{"line":15,"column":1},"end":{"line":23,"column":2}},"locations":[{"start":{"line":15,"column":1},"end":{"line":23,"column":2}}]},"2":{"type":"branch","line":17,"loc":{"start":{"line":17,"column":35},"end":{"line":21,"column":3}},"locations":[{"start":{"line":17,"column":35},"end":{"line":21,"column":3}}]},"3":{"type":"branch","line":20,"loc":{"start":{"line":20,"column":19},"end":{"line":20,"column":41}},"locations":[{"start":{"line":20,"column":19},"end":{"line":20,"column":41}}]}},"b":{"0":[2],"1":[2],"2":[30],"3":[28]},"fnMap":{"0":{"name":"CreateTable","decl":{"start":{"line":11,"column":1},"end":{"line":13,"column":15}},"loc":{"start":{"line":11,"column":1},"end":{"line":13,"column":15}},"line":11},"1":{"name":"execute","decl":{"start":{"line":15,"column":1},"end":{"line":23,"column":2}},"loc":{"start":{"line":15,"column":1},"end":{"line":23,"column":2}},"line":15}},"f":{"0":2,"1":2}}
,"C:\\Users\\delaf\\Desktop\\node\\04-multiplication\\src\\domain\\use-case\\save-file.use-case.ts": {"path":"C:\\Users\\delaf\\Desktop\\node\\04-multiplication\\src\\domain\\use-case\\save-file.use-case.ts","all":false,"statementMap":{"0":{"start":{"line":1,"column":0},"end":{"line":1,"column":20}},"1":{"start":{"line":2,"column":0},"end":{"line":2,"column":0}},"2":{"start":{"line":3,"column":0},"end":{"line":3,"column":34}},"3":{"start":{"line":4,"column":0},"end":{"line":4,"column":40}},"4":{"start":{"line":5,"column":0},"end":{"line":5,"column":1}},"5":{"start":{"line":6,"column":0},"end":{"line":6,"column":0}},"6":{"start":{"line":7,"column":0},"end":{"line":7,"column":26}},"7":{"start":{"line":8,"column":0},"end":{"line":8,"column":21}},"8":{"start":{"line":9,"column":0},"end":{"line":9,"column":26}},"9":{"start":{"line":10,"column":0},"end":{"line":10,"column":19}},"10":{"start":{"line":11,"column":0},"end":{"line":11,"column":1}},"11":{"start":{"line":12,"column":0},"end":{"line":12,"column":0}},"12":{"start":{"line":13,"column":0},"end":{"line":13,"column":50}},"13":{"start":{"line":14,"column":0},"end":{"line":14,"column":13}},"14":{"start":{"line":15,"column":0},"end":{"line":15,"column":34}},"15":{"start":{"line":16,"column":0},"end":{"line":16,"column":6}},"16":{"start":{"line":17,"column":0},"end":{"line":17,"column":0}},"17":{"start":{"line":18,"column":0},"end":{"line":18,"column":10}},"18":{"start":{"line":19,"column":0},"end":{"line":19,"column":14}},"19":{"start":{"line":20,"column":0},"end":{"line":20,"column":30}},"20":{"start":{"line":21,"column":0},"end":{"line":21,"column":21}},"21":{"start":{"line":22,"column":0},"end":{"line":22,"column":23}},"22":{"start":{"line":23,"column":0},"end":{"line":23,"column":7}},"23":{"start":{"line":24,"column":0},"end":{"line":24,"column":54}},"24":{"start":{"line":25,"column":0},"end":{"line":25,"column":71}},"25":{"start":{"line":26,"column":0},"end":{"line":26,"column":15}},"26":{"start":{"line":27,"column":0},"end":{"line":27,"column":19}},"27":{"start":{"line":28,"column":0},"end":{"line":28,"column":22}},"28":{"start":{"line":29,"column":0},"end":{"line":29,"column":16}},"29":{"start":{"line":30,"column":0},"end":{"line":30,"column":3}},"30":{"start":{"line":31,"column":0},"end":{"line":31,"column":2}},"31":{"start":{"line":32,"column":0},"end":{"line":32,"column":1}}},"s":{"0":1,"1":1,"2":1,"3":1,"4":1,"5":1,"6":1,"7":1,"8":1,"9":1,"10":1,"11":1,"12":1,"13":1,"14":0,"15":0,"16":1,"17":1,"18":4,"19":4,"20":4,"21":4,"22":4,"23":4,"24":4,"25":4,"26":4,"27":1,"28":1,"29":1,"30":4,"31":1},"branchMap":{"0":{"type":"branch","line":18,"loc":{"start":{"line":18,"column":1},"end":{"line":31,"column":2}},"locations":[{"start":{"line":18,"column":1},"end":{"line":31,"column":2}}]},"1":{"type":"branch","line":27,"loc":{"start":{"line":27,"column":4},"end":{"line":30,"column":3}},"locations":[{"start":{"line":27,"column":4},"end":{"line":30,"column":3}}]}},"b":{"0":[4],"1":[1]},"fnMap":{"0":{"name":"cosntructor","decl":{"start":{"line":14,"column":1},"end":{"line":16,"column":6}},"loc":{"start":{"line":14,"column":1},"end":{"line":16,"column":6}},"line":14},"1":{"name":"execute","decl":{"start":{"line":18,"column":1},"end":{"line":31,"column":2}},"loc":{"start":{"line":18,"column":1},"end":{"line":31,"column":2}},"line":18}},"f":{"0":0,"1":4}}
}
