TN:
SF:src\domain\use-case\create-table.use-case.ts
FN:11,CreateTable
FN:15,execute
FNF:2
FNH:2
FNDA:2,CreateTable
FNDA:2,execute
DA:1,1
DA:2,1
DA:3,1
DA:4,1
DA:5,1
DA:6,1
DA:7,1
DA:8,1
DA:9,1
DA:10,1
DA:11,1
DA:12,2
DA:13,2
DA:14,1
DA:15,1
DA:16,2
DA:17,2
DA:18,30
DA:19,30
DA:20,30
DA:21,30
DA:22,2
DA:23,2
DA:24,1
LF:24
LH:24
BRDA:11,0,0,2
BRDA:15,1,0,2
BRDA:17,2,0,30
BRDA:20,3,0,28
BRF:4
BRH:4
end_of_record
TN:
SF:src\domain\use-case\save-file.use-case.ts
FN:14,cosntructor
FN:18,execute
FNF:2
FNH:1
FNDA:0,cosntructor
FNDA:4,execute
DA:1,1
DA:2,1
DA:3,1
DA:4,1
DA:5,1
DA:6,1
DA:7,1
DA:8,1
DA:9,1
DA:10,1
DA:11,1
DA:12,1
DA:13,1
DA:14,1
DA:15,0
DA:16,0
DA:17,1
DA:18,1
DA:19,4
DA:20,4
DA:21,4
DA:22,4
DA:23,4
DA:24,4
DA:25,4
DA:26,4
DA:27,4
DA:28,1
DA:29,1
DA:30,1
DA:31,4
DA:32,1
LF:32
LH:30
BRDA:18,0,0,4
BRDA:27,1,0,1
BRF:2
BRH:2
end_of_record
